<?xml version="1.0" encoding="UTF-8"?>
<coverage generated="1655730408676" clover="3.2.0">
  <project timestamp="1655730408676" name="All files">
    <metrics statements="19" coveredstatements="19" conditionals="98" coveredconditionals="73" methods="4" coveredmethods="4" elements="121" coveredelements="96" complexity="0" loc="19" ncloc="19" packages="2" files="4" classes="4"/>
    <package name="components">
      <metrics statements="18" coveredstatements="18" conditionals="98" coveredconditionals="73" methods="4" coveredmethods="4"/>
      <file name="date.component.tsx" path="C:\Projects\POC\front-end-test-main\src\components\date.component.tsx">
        <metrics statements="9" coveredstatements="9" conditionals="30" coveredconditionals="22" methods="1" coveredmethods="1"/>
        <line num="2" count="1" type="stmt"/>
        <line num="3" count="1" type="stmt"/>
        <line num="4" count="1" type="stmt"/>
        <line num="20" count="1" type="stmt"/>
        <line num="21" count="1" type="stmt"/>
        <line num="22" count="1" type="stmt"/>
        <line num="23" count="1" type="stmt"/>
        <line num="24" count="1" type="cond" truecount="7" falsecount="3"/>
        <line num="26" count="1" type="stmt"/>
      </file>
      <file name="number.component.tsx" path="C:\Projects\POC\front-end-test-main\src\components\number.component.tsx">
        <metrics statements="4" coveredstatements="4" conditionals="32" coveredconditionals="24" methods="1" coveredmethods="1"/>
        <line num="2" count="1" type="stmt"/>
        <line num="3" count="1" type="stmt"/>
        <line num="15" count="1" type="stmt"/>
        <line num="16" count="2" type="stmt"/>
      </file>
      <file name="select.component.tsx" path="C:\Projects\POC\front-end-test-main\src\components\select.component.tsx">
        <metrics statements="5" coveredstatements="5" conditionals="36" coveredconditionals="27" methods="2" coveredmethods="2"/>
        <line num="2" count="1" type="stmt"/>
        <line num="3" count="1" type="stmt"/>
        <line num="19" count="1" type="stmt"/>
        <line num="20" count="2" type="stmt"/>
        <line num="28" count="8" type="cond" truecount="12" falsecount="4"/>
      </file>
    </package>
    <package name="consts">
      <metrics statements="1" coveredstatements="1" conditionals="0" coveredconditionals="0" methods="0" coveredmethods="0"/>
      <file name="search.ts" path="C:\Projects\POC\front-end-test-main\src\consts\search.ts">
        <metrics statements="1" coveredstatements="1" conditionals="0" coveredconditionals="0" methods="0" coveredmethods="0"/>
        <line num="3" count="1" type="stmt"/>
      </file>
    </package>
  </project>
</coverage>
