<?xml version="1.0" encoding="UTF-8"?>
<coverage generated="1656658897529" clover="3.2.0">
  <project timestamp="1656658897529" name="All files">
    <metrics statements="99" coveredstatements="74" conditionals="127" coveredconditionals="88" methods="36" coveredmethods="17" elements="262" coveredelements="179" complexity="0" loc="99" ncloc="99" packages="2" files="7" classes="7"/>
    <package name="components">
      <metrics statements="94" coveredstatements="69" conditionals="127" coveredconditionals="88" methods="36" coveredmethods="17"/>
      <file name="date.component.tsx" path="C:\Projects\POC\front-end-test-main\src\components\date.component.tsx">
        <metrics statements="9" coveredstatements="9" conditionals="30" coveredconditionals="22" methods="1" coveredmethods="1"/>
        <line num="2" count="1" type="stmt"/>
        <line num="3" count="1" type="stmt"/>
        <line num="4" count="1" type="stmt"/>
        <line num="20" count="1" type="stmt"/>
        <line num="21" count="1" type="stmt"/>
        <line num="22" count="1" type="stmt"/>
        <line num="23" count="1" type="stmt"/>
        <line num="24" count="1" type="cond" truecount="7" falsecount="3"/>
        <line num="26" count="1" type="stmt"/>
      </file>
      <file name="filter.component.tsx" path="C:\Projects\POC\front-end-test-main\src\components\filter.component.tsx">
        <metrics statements="10" coveredstatements="10" conditionals="0" coveredconditionals="0" methods="4" coveredmethods="4"/>
        <line num="2" count="2" type="stmt"/>
        <line num="3" count="2" type="stmt"/>
        <line num="4" count="2" type="stmt"/>
        <line num="16" count="7" type="stmt"/>
        <line num="18" count="7" type="stmt"/>
        <line num="19" count="28" type="stmt"/>
        <line num="35" count="7" type="stmt"/>
        <line num="36" count="35" type="stmt"/>
        <line num="56" count="7" type="stmt"/>
        <line num="86" count="70" type="stmt"/>
      </file>
      <file name="hotel.component.tsx" path="C:\Projects\POC\front-end-test-main\src\components\hotel.component.tsx">
        <metrics statements="13" coveredstatements="13" conditionals="6" coveredconditionals="5" methods="3" coveredmethods="3"/>
        <line num="2" count="1" type="stmt"/>
        <line num="4" count="1" type="stmt"/>
        <line num="5" count="1" type="stmt"/>
        <line num="12" count="94" type="stmt"/>
        <line num="13" count="94" type="stmt"/>
        <line num="14" count="94" type="stmt"/>
        <line num="15" count="94" type="stmt"/>
        <line num="16" count="94" type="stmt"/>
        <line num="18" count="94" type="stmt"/>
        <line num="19" count="94" type="stmt"/>
        <line num="20" count="94" type="stmt"/>
        <line num="24" count="1040" type="stmt"/>
        <line num="36" count="94" type="stmt"/>
      </file>
      <file name="number.component.tsx" path="C:\Projects\POC\front-end-test-main\src\components\number.component.tsx">
        <metrics statements="4" coveredstatements="4" conditionals="32" coveredconditionals="24" methods="1" coveredmethods="1"/>
        <line num="2" count="1" type="stmt"/>
        <line num="3" count="1" type="stmt"/>
        <line num="15" count="1" type="stmt"/>
        <line num="16" count="2" type="stmt"/>
      </file>
      <file name="searchResult.component.tsx" path="C:\Projects\POC\front-end-test-main\src\components\searchResult.component.tsx">
        <metrics statements="53" coveredstatements="28" conditionals="23" coveredconditionals="10" methods="25" coveredmethods="6"/>
        <line num="1" count="1" type="stmt"/>
        <line num="2" count="1" type="stmt"/>
        <line num="4" count="1" type="stmt"/>
        <line num="5" count="1" type="stmt"/>
        <line num="6" count="1" type="stmt"/>
        <line num="8" count="1" type="stmt"/>
        <line num="9" count="4" type="cond" truecount="3" falsecount="1"/>
        <line num="10" count="4" type="stmt"/>
        <line num="11" count="4" type="stmt"/>
        <line num="12" count="4" type="stmt"/>
        <line num="13" count="4" type="stmt"/>
        <line num="14" count="4" type="stmt"/>
        <line num="16" count="4" type="stmt"/>
        <line num="17" count="0" type="stmt"/>
        <line num="18" count="0" type="stmt"/>
        <line num="19" count="0" type="stmt"/>
        <line num="20" count="0" type="stmt"/>
        <line num="21" count="0" type="cond" truecount="0" falsecount="1"/>
        <line num="22" count="0" type="cond" truecount="0" falsecount="3"/>
        <line num="25" count="4" type="stmt"/>
        <line num="26" count="0" type="stmt"/>
        <line num="27" count="0" type="stmt"/>
        <line num="28" count="0" type="stmt"/>
        <line num="29" count="0" type="cond" truecount="0" falsecount="1"/>
        <line num="30" count="0" type="cond" truecount="0" falsecount="1"/>
        <line num="33" count="4" type="stmt"/>
        <line num="34" count="0" type="stmt"/>
        <line num="35" count="0" type="stmt"/>
        <line num="36" count="0" type="cond" truecount="0" falsecount="1"/>
        <line num="37" count="0" type="cond" truecount="0" falsecount="1"/>
        <line num="40" count="4" type="stmt"/>
        <line num="41" count="0" type="stmt"/>
        <line num="42" count="0" type="stmt"/>
        <line num="43" count="0" type="stmt"/>
        <line num="44" count="0" type="stmt"/>
        <line num="45" count="0" type="stmt"/>
        <line num="48" count="4" type="stmt"/>
        <line num="49" count="2" type="stmt"/>
        <line num="52" count="4" type="stmt"/>
        <line num="54" count="4" type="stmt"/>
        <line num="55" count="2" type="stmt"/>
        <line num="56" count="2" type="cond" truecount="0" falsecount="1"/>
        <line num="57" count="0" type="stmt"/>
        <line num="59" count="2" type="cond" truecount="0" falsecount="1"/>
        <line num="60" count="0" type="stmt"/>
        <line num="61" count="0" type="stmt"/>
        <line num="62" count="0" type="cond" truecount="0" falsecount="2"/>
        <line num="64" count="0" type="stmt"/>
        <line num="66" count="2" type="cond" truecount="1" falsecount="0"/>
        <line num="67" count="47" type="stmt"/>
        <line num="69" count="2" type="stmt"/>
        <line num="72" count="4" type="stmt"/>
        <line num="87" count="94" type="stmt"/>
      </file>
      <file name="select.component.tsx" path="C:\Projects\POC\front-end-test-main\src\components\select.component.tsx">
        <metrics statements="5" coveredstatements="5" conditionals="36" coveredconditionals="27" methods="2" coveredmethods="2"/>
        <line num="2" count="1" type="stmt"/>
        <line num="3" count="1" type="stmt"/>
        <line num="19" count="1" type="stmt"/>
        <line num="20" count="2" type="stmt"/>
        <line num="28" count="8" type="cond" truecount="12" falsecount="4"/>
      </file>
    </package>
    <package name="consts">
      <metrics statements="5" coveredstatements="5" conditionals="0" coveredconditionals="0" methods="0" coveredmethods="0"/>
      <file name="search.ts" path="C:\Projects\POC\front-end-test-main\src\consts\search.ts">
        <metrics statements="5" coveredstatements="5" conditionals="0" coveredconditionals="0" methods="0" coveredmethods="0"/>
        <line num="3" count="3" type="stmt"/>
        <line num="22" count="3" type="stmt"/>
        <line num="35" count="3" type="stmt"/>
        <line num="36" count="3" type="stmt"/>
        <line num="37" count="3" type="stmt"/>
      </file>
    </package>
  </project>
</coverage>
