{"C:\\Projects\\POC\\front-end-test-main\\src\\components\\date.component.tsx": {"path":"C:\\Projects\\POC\\front-end-test-main\\src\\components\\date.component.tsx","statementMap":{"0":{"start":{"line":2,"column":0},"end":{"line":2,"column":27}},"1":{"start":{"line":3,"column":0},"end":{"line":3,"column":44}},"2":{"start":{"line":4,"column":0},"end":{"line":4,"column":33}},"3":{"start":{"line":20,"column":13},"end":{"line":34,"column":2}},"4":{"start":{"line":21,"column":25},"end":{"line":21,"column":37}},"5":{"start":{"line":22,"column":14},"end":{"line":22,"column":62}},"6":{"start":{"line":23,"column":14},"end":{"line":23,"column":65}},"7":{"start":{"line":24,"column":16},"end":{"line":24,"column":140}},"8":{"start":{"line":26,"column":2},"end":{"line":33,"column":4}}},"fnMap":{"0":{"name":"(anonymous_6)","decl":{"start":{"line":20,"column":29},"end":{"line":20,"column":30}},"loc":{"start":{"line":20,"column":55},"end":{"line":34,"column":1}}}},"branchMap":{"0":{"loc":{"start":{"line":24,"column":16},"end":{"line":24,"column":140}},"type":"cond-expr","locations":[{"start":{"line":24,"column":31},"end":{"line":24,"column":89}},{"start":{"line":24,"column":92},"end":{"line":24,"column":140}}]},"1":{"loc":{"start":{"line":24,"column":16},"end":{"line":24,"column":28}},"type":"cond-expr","locations":[{"start":{"line":24,"column":21},"end":{"line":24,"column":23}},{"start":{"line":24,"column":16},"end":{"line":24,"column":28}}]},"2":{"loc":{"start":{"line":24,"column":16},"end":{"line":24,"column":23}},"type":"binary-expr","locations":[{"start":{"line":24,"column":16},"end":{"line":24,"column":23}},{"start":{"line":24,"column":16},"end":{"line":24,"column":23}}]},"3":{"loc":{"start":{"line":24,"column":51},"end":{"line":24,"column":63}},"type":"cond-expr","locations":[{"start":{"line":24,"column":56},"end":{"line":24,"column":58}},{"start":{"line":24,"column":51},"end":{"line":24,"column":63}}]},"4":{"loc":{"start":{"line":24,"column":51},"end":{"line":24,"column":58}},"type":"binary-expr","locations":[{"start":{"line":24,"column":51},"end":{"line":24,"column":58}},{"start":{"line":24,"column":51},"end":{"line":24,"column":58}}]},"5":{"loc":{"start":{"line":28,"column":18},"end":{"line":28,"column":27}},"type":"cond-expr","locations":[{"start":{"line":28,"column":23},"end":{"line":28,"column":25}},{"start":{"line":28,"column":18},"end":{"line":28,"column":27}}]},"6":{"loc":{"start":{"line":28,"column":18},"end":{"line":28,"column":25}},"type":"binary-expr","locations":[{"start":{"line":28,"column":18},"end":{"line":28,"column":25}},{"start":{"line":28,"column":18},"end":{"line":28,"column":25}}]},"7":{"loc":{"start":{"line":29,"column":10},"end":{"line":29,"column":22}},"type":"cond-expr","locations":[{"start":{"line":29,"column":15},"end":{"line":29,"column":17}},{"start":{"line":29,"column":10},"end":{"line":29,"column":22}}]},"8":{"loc":{"start":{"line":29,"column":10},"end":{"line":29,"column":17}},"type":"binary-expr","locations":[{"start":{"line":29,"column":10},"end":{"line":29,"column":17}},{"start":{"line":29,"column":10},"end":{"line":29,"column":17}}]},"9":{"loc":{"start":{"line":31,"column":31},"end":{"line":31,"column":42}},"type":"cond-expr","locations":[{"start":{"line":31,"column":36},"end":{"line":31,"column":38}},{"start":{"line":31,"column":31},"end":{"line":31,"column":42}}]},"10":{"loc":{"start":{"line":31,"column":31},"end":{"line":31,"column":38}},"type":"binary-expr","locations":[{"start":{"line":31,"column":31},"end":{"line":31,"column":38}},{"start":{"line":31,"column":31},"end":{"line":31,"column":38}}]},"11":{"loc":{"start":{"line":31,"column":48},"end":{"line":31,"column":57}},"type":"cond-expr","locations":[{"start":{"line":31,"column":53},"end":{"line":31,"column":55}},{"start":{"line":31,"column":48},"end":{"line":31,"column":57}}]},"12":{"loc":{"start":{"line":31,"column":48},"end":{"line":31,"column":55}},"type":"binary-expr","locations":[{"start":{"line":31,"column":48},"end":{"line":31,"column":55}},{"start":{"line":31,"column":48},"end":{"line":31,"column":55}}]},"13":{"loc":{"start":{"line":31,"column":103},"end":{"line":31,"column":118}},"type":"cond-expr","locations":[{"start":{"line":31,"column":108},"end":{"line":31,"column":110}},{"start":{"line":31,"column":103},"end":{"line":31,"column":118}}]},"14":{"loc":{"start":{"line":31,"column":103},"end":{"line":31,"column":110}},"type":"binary-expr","locations":[{"start":{"line":31,"column":103},"end":{"line":31,"column":110}},{"start":{"line":31,"column":103},"end":{"line":31,"column":110}}]}},"s":{"0":1,"1":1,"2":1,"3":1,"4":1,"5":1,"6":1,"7":1,"8":1},"f":{"0":1},"b":{"0":[1,0],"1":[0,1],"2":[1,1],"3":[0,1],"4":[1,1],"5":[0,1],"6":[1,1],"7":[0,1],"8":[1,1],"9":[0,1],"10":[1,1],"11":[0,1],"12":[1,1],"13":[0,1],"14":[1,1]}}
,"C:\\Projects\\POC\\front-end-test-main\\src\\components\\filter.component.tsx": {"path":"C:\\Projects\\POC\\front-end-test-main\\src\\components\\filter.component.tsx","statementMap":{"0":{"start":{"line":2,"column":0},"end":{"line":2,"column":32}},"1":{"start":{"line":3,"column":0},"end":{"line":3,"column":45}},"2":{"start":{"line":4,"column":0},"end":{"line":4,"column":46}},"3":{"start":{"line":16,"column":49},"end":{"line":16,"column":50}},"4":{"start":{"line":16,"column":68},"end":{"line":16,"column":69}},"5":{"start":{"line":16,"column":89},"end":{"line":16,"column":91}},"6":{"start":{"line":16,"column":109},"end":{"line":16,"column":123}},"7":{"start":{"line":18,"column":24},"end":{"line":33,"column":5}},"8":{"start":{"line":19,"column":8},"end":{"line":32,"column":10}},"9":{"start":{"line":35,"column":25},"end":{"line":54,"column":5}},"10":{"start":{"line":36,"column":8},"end":{"line":53,"column":10}},"11":{"start":{"line":56,"column":4},"end":{"line":98,"column":6}},"12":{"start":{"line":86,"column":20},"end":{"line":93,"column":22}},"13":{"start":{"line":16,"column":0},"end":{"line":16,"column":24}}},"fnMap":{"0":{"name":"Filter","decl":{"start":{"line":16,"column":24},"end":{"line":16,"column":30}},"loc":{"start":{"line":16,"column":123},"end":{"line":99,"column":1}}},"1":{"name":"(anonymous_7)","decl":{"start":{"line":18,"column":24},"end":{"line":18,"column":25}},"loc":{"start":{"line":18,"column":35},"end":{"line":33,"column":5}}},"2":{"name":"(anonymous_8)","decl":{"start":{"line":35,"column":25},"end":{"line":35,"column":26}},"loc":{"start":{"line":35,"column":39},"end":{"line":54,"column":5}}},"3":{"name":"(anonymous_9)","decl":{"start":{"line":85,"column":32},"end":{"line":85,"column":33}},"loc":{"start":{"line":85,"column":41},"end":{"line":94,"column":17}}}},"branchMap":{},"s":{"0":2,"1":2,"2":2,"3":7,"4":7,"5":7,"6":7,"7":7,"8":28,"9":7,"10":35,"11":7,"12":70,"13":2},"f":{"0":7,"1":28,"2":35,"3":70},"b":{}}
,"C:\\Projects\\POC\\front-end-test-main\\src\\components\\hotel.component.tsx": {"path":"C:\\Projects\\POC\\front-end-test-main\\src\\components\\hotel.component.tsx","statementMap":{"0":{"start":{"line":2,"column":0},"end":{"line":2,"column":27}},"1":{"start":{"line":4,"column":0},"end":{"line":4,"column":46}},"2":{"start":{"line":5,"column":17},"end":{"line":5,"column":63}},"3":{"start":{"line":12,"column":37},"end":{"line":12,"column":39}},"4":{"start":{"line":12,"column":46},"end":{"line":12,"column":60}},"5":{"start":{"line":13,"column":23},"end":{"line":13,"column":47}},"6":{"start":{"line":14,"column":30},"end":{"line":14,"column":66}},"7":{"start":{"line":15,"column":36},"end":{"line":15,"column":71}},"8":{"start":{"line":16,"column":34},"end":{"line":16,"column":55}},"9":{"start":{"line":18,"column":25},"end":{"line":34,"column":3}},"10":{"start":{"line":19,"column":22},"end":{"line":19,"column":53}},"11":{"start":{"line":20,"column":4},"end":{"line":33,"column":6}},"12":{"start":{"line":24,"column":16},"end":{"line":28,"column":null}},"13":{"start":{"line":36,"column":2},"end":{"line":54,"column":4}},"14":{"start":{"line":12,"column":0},"end":{"line":12,"column":24}}},"fnMap":{"0":{"name":"Hotel","decl":{"start":{"line":12,"column":24},"end":{"line":12,"column":29}},"loc":{"start":{"line":12,"column":60},"end":{"line":55,"column":1}}},"1":{"name":"(anonymous_7)","decl":{"start":{"line":18,"column":25},"end":{"line":18,"column":26}},"loc":{"start":{"line":18,"column":32},"end":{"line":34,"column":3}}},"2":{"name":"(anonymous_8)","decl":{"start":{"line":23,"column":25},"end":{"line":23,"column":34}},"loc":{"start":{"line":23,"column":40},"end":{"line":29,"column":15}}}},"branchMap":{"0":{"loc":{"start":{"line":23,"column":13},"end":{"line":29,"column":null}},"type":"cond-expr","locations":[{"start":{"line":23,"column":19},"end":{"line":23,"column":21}},{"start":{"line":23,"column":13},"end":{"line":29,"column":null}}]},"1":{"loc":{"start":{"line":23,"column":13},"end":{"line":23,"column":21}},"type":"binary-expr","locations":[{"start":{"line":23,"column":13},"end":{"line":23,"column":21}},{"start":{"line":23,"column":13},"end":{"line":23,"column":21}}]},"2":{"loc":{"start":{"line":25,"column":51},"end":{"line":25,"column":71}},"type":"cond-expr","locations":[{"start":{"line":25,"column":60},"end":{"line":25,"column":68}},{"start":{"line":25,"column":69},"end":{"line":25,"column":71}}]}},"s":{"0":1,"1":1,"2":1,"3":94,"4":94,"5":94,"6":94,"7":94,"8":94,"9":94,"10":94,"11":94,"12":1040,"13":94,"14":1},"f":{"0":94,"1":94,"2":1040},"b":{"0":[0,94],"1":[94,94],"2":[94,946]}}
,"C:\\Projects\\POC\\front-end-test-main\\src\\components\\number.component.tsx": {"path":"C:\\Projects\\POC\\front-end-test-main\\src\\components\\number.component.tsx","statementMap":{"0":{"start":{"line":2,"column":0},"end":{"line":2,"column":27}},"1":{"start":{"line":3,"column":0},"end":{"line":3,"column":46}},"2":{"start":{"line":15,"column":13},"end":{"line":24,"column":2}},"3":{"start":{"line":16,"column":2},"end":{"line":23,"column":4}}},"fnMap":{"0":{"name":"(anonymous_6)","decl":{"start":{"line":15,"column":31},"end":{"line":15,"column":32}},"loc":{"start":{"line":15,"column":50},"end":{"line":24,"column":1}}}},"branchMap":{"0":{"loc":{"start":{"line":18,"column":18},"end":{"line":18,"column":27}},"type":"cond-expr","locations":[{"start":{"line":18,"column":23},"end":{"line":18,"column":25}},{"start":{"line":18,"column":18},"end":{"line":18,"column":27}}]},"1":{"loc":{"start":{"line":18,"column":18},"end":{"line":18,"column":25}},"type":"binary-expr","locations":[{"start":{"line":18,"column":18},"end":{"line":18,"column":25}},{"start":{"line":18,"column":18},"end":{"line":18,"column":25}}]},"2":{"loc":{"start":{"line":19,"column":10},"end":{"line":19,"column":22}},"type":"cond-expr","locations":[{"start":{"line":19,"column":15},"end":{"line":19,"column":17}},{"start":{"line":19,"column":10},"end":{"line":19,"column":22}}]},"3":{"loc":{"start":{"line":19,"column":10},"end":{"line":19,"column":17}},"type":"binary-expr","locations":[{"start":{"line":19,"column":10},"end":{"line":19,"column":17}},{"start":{"line":19,"column":10},"end":{"line":19,"column":17}}]},"4":{"loc":{"start":{"line":21,"column":33},"end":{"line":21,"column":44}},"type":"cond-expr","locations":[{"start":{"line":21,"column":38},"end":{"line":21,"column":40}},{"start":{"line":21,"column":33},"end":{"line":21,"column":44}}]},"5":{"loc":{"start":{"line":21,"column":33},"end":{"line":21,"column":40}},"type":"binary-expr","locations":[{"start":{"line":21,"column":33},"end":{"line":21,"column":40}},{"start":{"line":21,"column":33},"end":{"line":21,"column":40}}]},"6":{"loc":{"start":{"line":21,"column":50},"end":{"line":21,"column":59}},"type":"cond-expr","locations":[{"start":{"line":21,"column":55},"end":{"line":21,"column":57}},{"start":{"line":21,"column":50},"end":{"line":21,"column":59}}]},"7":{"loc":{"start":{"line":21,"column":50},"end":{"line":21,"column":57}},"type":"binary-expr","locations":[{"start":{"line":21,"column":50},"end":{"line":21,"column":57}},{"start":{"line":21,"column":50},"end":{"line":21,"column":57}}]},"8":{"loc":{"start":{"line":21,"column":66},"end":{"line":21,"column":76}},"type":"cond-expr","locations":[{"start":{"line":21,"column":71},"end":{"line":21,"column":73}},{"start":{"line":21,"column":66},"end":{"line":21,"column":76}}]},"9":{"loc":{"start":{"line":21,"column":66},"end":{"line":21,"column":73}},"type":"binary-expr","locations":[{"start":{"line":21,"column":66},"end":{"line":21,"column":73}},{"start":{"line":21,"column":66},"end":{"line":21,"column":73}}]},"10":{"loc":{"start":{"line":21,"column":83},"end":{"line":21,"column":93}},"type":"cond-expr","locations":[{"start":{"line":21,"column":88},"end":{"line":21,"column":90}},{"start":{"line":21,"column":83},"end":{"line":21,"column":93}}]},"11":{"loc":{"start":{"line":21,"column":83},"end":{"line":21,"column":90}},"type":"binary-expr","locations":[{"start":{"line":21,"column":83},"end":{"line":21,"column":90}},{"start":{"line":21,"column":83},"end":{"line":21,"column":90}}]},"12":{"loc":{"start":{"line":21,"column":102},"end":{"line":21,"column":114}},"type":"cond-expr","locations":[{"start":{"line":21,"column":107},"end":{"line":21,"column":109}},{"start":{"line":21,"column":102},"end":{"line":21,"column":114}}]},"13":{"loc":{"start":{"line":21,"column":102},"end":{"line":21,"column":109}},"type":"binary-expr","locations":[{"start":{"line":21,"column":102},"end":{"line":21,"column":109}},{"start":{"line":21,"column":102},"end":{"line":21,"column":109}}]},"14":{"loc":{"start":{"line":21,"column":126},"end":{"line":21,"column":141}},"type":"cond-expr","locations":[{"start":{"line":21,"column":131},"end":{"line":21,"column":133}},{"start":{"line":21,"column":126},"end":{"line":21,"column":141}}]},"15":{"loc":{"start":{"line":21,"column":126},"end":{"line":21,"column":133}},"type":"binary-expr","locations":[{"start":{"line":21,"column":126},"end":{"line":21,"column":133}},{"start":{"line":21,"column":126},"end":{"line":21,"column":133}}]}},"s":{"0":1,"1":1,"2":1,"3":2},"f":{"0":2},"b":{"0":[0,2],"1":[2,2],"2":[0,2],"3":[2,2],"4":[0,2],"5":[2,2],"6":[0,2],"7":[2,2],"8":[0,2],"9":[2,2],"10":[0,2],"11":[2,2],"12":[0,2],"13":[2,2],"14":[0,2],"15":[2,2]}}
,"C:\\Projects\\POC\\front-end-test-main\\src\\components\\searchResult.component.tsx": {"path":"C:\\Projects\\POC\\front-end-test-main\\src\\components\\searchResult.component.tsx","statementMap":{"0":{"start":{"line":1,"column":0},"end":{"line":1,"column":32}},"1":{"start":{"line":2,"column":0},"end":{"line":2,"column":51}},"2":{"start":{"line":4,"column":0},"end":{"line":4,"column":37}},"3":{"start":{"line":5,"column":0},"end":{"line":5,"column":40}},"4":{"start":{"line":6,"column":0},"end":{"line":6,"column":53}},"5":{"start":{"line":9,"column":19},"end":{"line":9,"column":34}},"6":{"start":{"line":10,"column":8},"end":{"line":10,"column":null}},"7":{"start":{"line":10,"column":25},"end":{"line":10,"column":27}},"8":{"start":{"line":10,"column":46},"end":{"line":10,"column":50}},"9":{"start":{"line":11,"column":8},"end":{"line":11,"column":null}},"10":{"start":{"line":11,"column":22},"end":{"line":11,"column":24}},"11":{"start":{"line":11,"column":40},"end":{"line":11,"column":44}},"12":{"start":{"line":12,"column":8},"end":{"line":12,"column":null}},"13":{"start":{"line":12,"column":23},"end":{"line":12,"column":25}},"14":{"start":{"line":12,"column":42},"end":{"line":12,"column":46}},"15":{"start":{"line":13,"column":8},"end":{"line":13,"column":null}},"16":{"start":{"line":13,"column":27},"end":{"line":13,"column":29}},"17":{"start":{"line":13,"column":50},"end":{"line":13,"column":54}},"18":{"start":{"line":14,"column":8},"end":{"line":14,"column":null}},"19":{"start":{"line":14,"column":15},"end":{"line":14,"column":17}},"20":{"start":{"line":14,"column":26},"end":{"line":14,"column":30}},"21":{"start":{"line":16,"column":28},"end":{"line":23,"column":3}},"22":{"start":{"line":17,"column":28},"end":{"line":17,"column":56}},"23":{"start":{"line":18,"column":29},"end":{"line":18,"column":61}},"24":{"start":{"line":19,"column":29},"end":{"line":19,"column":71}},"25":{"start":{"line":19,"column":56},"end":{"line":19,"column":71}},"26":{"start":{"line":20,"column":20},"end":{"line":20,"column":41}},"27":{"start":{"line":21,"column":6},"end":{"line":21,"column":null}},"28":{"start":{"line":21,"column":16},"end":{"line":21,"column":null}},"29":{"start":{"line":21,"column":46},"end":{"line":21,"column":76}},"30":{"start":{"line":22,"column":6},"end":{"line":22,"column":null}},"31":{"start":{"line":22,"column":17},"end":{"line":22,"column":null}},"32":{"start":{"line":22,"column":47},"end":{"line":22,"column":134}},"33":{"start":{"line":22,"column":72},"end":{"line":22,"column":133}},"34":{"start":{"line":25,"column":29},"end":{"line":31,"column":3}},"35":{"start":{"line":26,"column":28},"end":{"line":26,"column":56}},"36":{"start":{"line":27,"column":20},"end":{"line":27,"column":41}},"37":{"start":{"line":28,"column":20},"end":{"line":28,"column":49}},"38":{"start":{"line":29,"column":6},"end":{"line":29,"column":null}},"39":{"start":{"line":29,"column":16},"end":{"line":29,"column":null}},"40":{"start":{"line":29,"column":47},"end":{"line":29,"column":68}},"41":{"start":{"line":30,"column":6},"end":{"line":30,"column":null}},"42":{"start":{"line":30,"column":17},"end":{"line":30,"column":null}},"43":{"start":{"line":30,"column":48},"end":{"line":30,"column":86}},"44":{"start":{"line":30,"column":73},"end":{"line":30,"column":85}},"45":{"start":{"line":33,"column":31},"end":{"line":38,"column":3}},"46":{"start":{"line":34,"column":28},"end":{"line":34,"column":56}},"47":{"start":{"line":35,"column":20},"end":{"line":35,"column":41}},"48":{"start":{"line":36,"column":6},"end":{"line":36,"column":null}},"49":{"start":{"line":36,"column":16},"end":{"line":36,"column":null}},"50":{"start":{"line":36,"column":51},"end":{"line":36,"column":86}},"51":{"start":{"line":37,"column":6},"end":{"line":37,"column":null}},"52":{"start":{"line":37,"column":17},"end":{"line":37,"column":null}},"53":{"start":{"line":37,"column":52},"end":{"line":37,"column":104}},"54":{"start":{"line":37,"column":77},"end":{"line":37,"column":103}},"55":{"start":{"line":40,"column":29},"end":{"line":46,"column":3}},"56":{"start":{"line":41,"column":6},"end":{"line":41,"column":null}},"57":{"start":{"line":42,"column":6},"end":{"line":42,"column":null}},"58":{"start":{"line":43,"column":6},"end":{"line":43,"column":null}},"59":{"start":{"line":44,"column":6},"end":{"line":44,"column":null}},"60":{"start":{"line":45,"column":6},"end":{"line":45,"column":null}},"61":{"start":{"line":45,"column":22},"end":{"line":45,"column":39}},"62":{"start":{"line":48,"column":2},"end":{"line":50,"column":17}},"63":{"start":{"line":49,"column":4},"end":{"line":49,"column":34}},"64":{"start":{"line":52,"column":2},"end":{"line":52,"column":null}},"65":{"start":{"line":52,"column":16},"end":{"line":52,"column":34}},"66":{"start":{"line":54,"column":25},"end":{"line":70,"column":3}},"67":{"start":{"line":55,"column":25},"end":{"line":55,"column":33}},"68":{"start":{"line":56,"column":4},"end":{"line":58,"column":null}},"69":{"start":{"line":57,"column":8},"end":{"line":57,"column":null}},"70":{"start":{"line":57,"column":58},"end":{"line":57,"column":137}},"71":{"start":{"line":59,"column":4},"end":{"line":65,"column":null}},"72":{"start":{"line":60,"column":35},"end":{"line":60,"column":37}},"73":{"start":{"line":61,"column":7},"end":{"line":63,"column":null}},"74":{"start":{"line":62,"column":11},"end":{"line":62,"column":null}},"75":{"start":{"line":62,"column":63},"end":{"line":62,"column":142}},"76":{"start":{"line":64,"column":8},"end":{"line":64,"column":null}},"77":{"start":{"line":66,"column":4},"end":{"line":68,"column":null}},"78":{"start":{"line":67,"column":8},"end":{"line":67,"column":null}},"79":{"start":{"line":67,"column":59},"end":{"line":67,"column":185}},"80":{"start":{"line":67,"column":107},"end":{"line":67,"column":183}},"81":{"start":{"line":69,"column":4},"end":{"line":69,"column":40}},"82":{"start":{"line":72,"column":2},"end":{"line":98,"column":null}},"83":{"start":{"line":87,"column":24},"end":{"line":87,"column":null}},"84":{"start":{"line":8,"column":0},"end":{"line":8,"column":24}}},"fnMap":{"0":{"name":"SearchResultComponent","decl":{"start":{"line":8,"column":24},"end":{"line":8,"column":45}},"loc":{"start":{"line":8,"column":51},"end":{"line":99,"column":1}}},"1":{"name":"(anonymous_10)","decl":{"start":{"line":16,"column":28},"end":{"line":16,"column":29}},"loc":{"start":{"line":16,"column":42},"end":{"line":23,"column":3}}},"2":{"name":"(anonymous_11)","decl":{"start":{"line":19,"column":48},"end":{"line":19,"column":52}},"loc":{"start":{"line":19,"column":52},"end":{"line":19,"column":64}}},"3":{"name":"(anonymous_12)","decl":{"start":{"line":21,"column":33},"end":{"line":21,"column":42}},"loc":{"start":{"line":21,"column":42},"end":{"line":21,"column":50}}},"4":{"name":"(anonymous_13)","decl":{"start":{"line":22,"column":34},"end":{"line":22,"column":43}},"loc":{"start":{"line":22,"column":43},"end":{"line":22,"column":56}}},"5":{"name":"(anonymous_14)","decl":{"start":{"line":22,"column":64},"end":{"line":22,"column":68}},"loc":{"start":{"line":22,"column":68},"end":{"line":22,"column":76}}},"6":{"name":"(anonymous_15)","decl":{"start":{"line":25,"column":29},"end":{"line":25,"column":30}},"loc":{"start":{"line":25,"column":43},"end":{"line":31,"column":3}}},"7":{"name":"(anonymous_16)","decl":{"start":{"line":29,"column":34},"end":{"line":29,"column":43}},"loc":{"start":{"line":29,"column":43},"end":{"line":29,"column":51}}},"8":{"name":"(anonymous_17)","decl":{"start":{"line":30,"column":35},"end":{"line":30,"column":44}},"loc":{"start":{"line":30,"column":44},"end":{"line":30,"column":57}}},"9":{"name":"(anonymous_18)","decl":{"start":{"line":30,"column":65},"end":{"line":30,"column":69}},"loc":{"start":{"line":30,"column":69},"end":{"line":30,"column":77}}},"10":{"name":"(anonymous_19)","decl":{"start":{"line":33,"column":31},"end":{"line":33,"column":32}},"loc":{"start":{"line":33,"column":45},"end":{"line":38,"column":3}}},"11":{"name":"(anonymous_20)","decl":{"start":{"line":36,"column":38},"end":{"line":36,"column":47}},"loc":{"start":{"line":36,"column":47},"end":{"line":36,"column":55}}},"12":{"name":"(anonymous_21)","decl":{"start":{"line":37,"column":39},"end":{"line":37,"column":48}},"loc":{"start":{"line":37,"column":48},"end":{"line":37,"column":61}}},"13":{"name":"(anonymous_22)","decl":{"start":{"line":37,"column":69},"end":{"line":37,"column":73}},"loc":{"start":{"line":37,"column":73},"end":{"line":37,"column":81}}},"14":{"name":"(anonymous_23)","decl":{"start":{"line":40,"column":29},"end":{"line":40,"column":30}},"loc":{"start":{"line":40,"column":43},"end":{"line":46,"column":3}}},"15":{"name":"(anonymous_24)","decl":{"start":{"line":45,"column":17},"end":{"line":45,"column":22}},"loc":{"start":{"line":45,"column":17},"end":{"line":45,"column":39}}},"16":{"name":"(anonymous_25)","decl":{"start":{"line":48,"column":12},"end":{"line":48,"column":null}},"loc":{"start":{"line":48,"column":12},"end":{"line":50,"column":3}}},"17":{"name":"(anonymous_26)","decl":{"start":{"line":52,"column":12},"end":{"line":52,"column":16}},"loc":{"start":{"line":52,"column":12},"end":{"line":52,"column":30}}},"18":{"name":"(anonymous_27)","decl":{"start":{"line":54,"column":25},"end":{"line":54,"column":null}},"loc":{"start":{"line":54,"column":25},"end":{"line":70,"column":3}}},"19":{"name":"(anonymous_28)","decl":{"start":{"line":57,"column":47},"end":{"line":57,"column":54}},"loc":{"start":{"line":57,"column":54},"end":{"line":57,"column":72}}},"20":{"name":"(anonymous_29)","decl":{"start":{"line":61,"column":29},"end":{"line":61,"column":34}},"loc":{"start":{"line":61,"column":34},"end":{"line":63,"column":9}}},"21":{"name":"(anonymous_30)","decl":{"start":{"line":62,"column":52},"end":{"line":62,"column":59}},"loc":{"start":{"line":62,"column":59},"end":{"line":62,"column":70}}},"22":{"name":"(anonymous_31)","decl":{"start":{"line":67,"column":48},"end":{"line":67,"column":55}},"loc":{"start":{"line":67,"column":55},"end":{"line":67,"column":77}}},"23":{"name":"(anonymous_32)","decl":{"start":{"line":67,"column":85},"end":{"line":67,"column":103}},"loc":{"start":{"line":67,"column":103},"end":{"line":67,"column":114}}},"24":{"name":"(anonymous_33)","decl":{"start":{"line":86,"column":42},"end":{"line":86,"column":49}},"loc":{"start":{"line":86,"column":49},"end":{"line":88,"column":21}}}},"branchMap":{"0":{"loc":{"start":{"line":9,"column":19},"end":{"line":9,"column":34}},"type":"cond-expr","locations":[{"start":{"line":9,"column":24},"end":{"line":9,"column":26}},{"start":{"line":9,"column":19},"end":{"line":9,"column":34}}]},"1":{"loc":{"start":{"line":9,"column":19},"end":{"line":9,"column":26}},"type":"binary-expr","locations":[{"start":{"line":9,"column":19},"end":{"line":9,"column":26}},{"start":{"line":9,"column":19},"end":{"line":9,"column":26}}]},"2":{"loc":{"start":{"line":21,"column":6},"end":{"line":21,"column":null}},"type":"if","locations":[{"start":{"line":21,"column":6},"end":{"line":21,"column":null}}]},"3":{"loc":{"start":{"line":22,"column":6},"end":{"line":22,"column":null}},"type":"if","locations":[{"start":{"line":22,"column":6},"end":{"line":22,"column":null}}]},"4":{"loc":{"start":{"line":22,"column":72},"end":{"line":22,"column":132}},"type":"binary-expr","locations":[{"start":{"line":22,"column":72},"end":{"line":22,"column":99}},{"start":{"line":22,"column":103},"end":{"line":22,"column":132}}]},"5":{"loc":{"start":{"line":29,"column":6},"end":{"line":29,"column":null}},"type":"if","locations":[{"start":{"line":29,"column":6},"end":{"line":29,"column":null}}]},"6":{"loc":{"start":{"line":30,"column":6},"end":{"line":30,"column":null}},"type":"if","locations":[{"start":{"line":30,"column":6},"end":{"line":30,"column":null}}]},"7":{"loc":{"start":{"line":36,"column":6},"end":{"line":36,"column":null}},"type":"if","locations":[{"start":{"line":36,"column":6},"end":{"line":36,"column":null}}]},"8":{"loc":{"start":{"line":37,"column":6},"end":{"line":37,"column":null}},"type":"if","locations":[{"start":{"line":37,"column":6},"end":{"line":37,"column":null}}]},"9":{"loc":{"start":{"line":56,"column":4},"end":{"line":58,"column":null}},"type":"if","locations":[{"start":{"line":56,"column":4},"end":{"line":58,"column":null}}]},"10":{"loc":{"start":{"line":59,"column":4},"end":{"line":65,"column":null}},"type":"if","locations":[{"start":{"line":59,"column":4},"end":{"line":65,"column":null}}]},"11":{"loc":{"start":{"line":62,"column":63},"end":{"line":62,"column":141}},"type":"binary-expr","locations":[{"start":{"line":62,"column":63},"end":{"line":62,"column":100}},{"start":{"line":62,"column":104},"end":{"line":62,"column":141}}]},"12":{"loc":{"start":{"line":66,"column":4},"end":{"line":68,"column":null}},"type":"if","locations":[{"start":{"line":66,"column":4},"end":{"line":68,"column":null}}]},"13":{"loc":{"start":{"line":77,"column":13},"end":{"line":78,"column":null}},"type":"binary-expr","locations":[{"start":{"line":77,"column":13},"end":{"line":77,"column":20}},{"start":{"line":77,"column":24},"end":{"line":78,"column":null}}]},"14":{"loc":{"start":{"line":84,"column":17},"end":{"line":88,"column":null}},"type":"binary-expr","locations":[{"start":{"line":84,"column":17},"end":{"line":84,"column":44}},{"start":{"line":85,"column":18},"end":{"line":88,"column":null}}]},"15":{"loc":{"start":{"line":90,"column":19},"end":{"line":91,"column":48}},"type":"binary-expr","locations":[{"start":{"line":90,"column":19},"end":{"line":90,"column":48}},{"start":{"line":91,"column":22},"end":{"line":91,"column":48}}]}},"s":{"0":1,"1":1,"2":1,"3":1,"4":1,"5":4,"6":4,"7":4,"8":4,"9":4,"10":4,"11":4,"12":4,"13":4,"14":4,"15":4,"16":4,"17":4,"18":4,"19":4,"20":4,"21":4,"22":0,"23":0,"24":0,"25":0,"26":0,"27":0,"28":0,"29":0,"30":0,"31":0,"32":0,"33":0,"34":4,"35":0,"36":0,"37":0,"38":0,"39":0,"40":0,"41":0,"42":0,"43":0,"44":0,"45":4,"46":0,"47":0,"48":0,"49":0,"50":0,"51":0,"52":0,"53":0,"54":0,"55":4,"56":0,"57":0,"58":0,"59":0,"60":0,"61":0,"62":4,"63":2,"64":4,"65":2,"66":4,"67":2,"68":2,"69":0,"70":0,"71":2,"72":0,"73":0,"74":0,"75":0,"76":0,"77":2,"78":2,"79":47,"80":0,"81":2,"82":4,"83":94,"84":1},"f":{"0":4,"1":0,"2":0,"3":0,"4":0,"5":0,"6":0,"7":0,"8":0,"9":0,"10":0,"11":0,"12":0,"13":0,"14":0,"15":0,"16":2,"17":2,"18":2,"19":0,"20":0,"21":0,"22":47,"23":0,"24":94},"b":{"0":[0,4],"1":[4,4],"2":[0],"3":[0],"4":[0,0],"5":[0],"6":[0],"7":[0],"8":[0],"9":[0],"10":[0],"11":[0,0],"12":[2],"13":[4,4],"14":[4,2],"15":[4,2]}}
,"C:\\Projects\\POC\\front-end-test-main\\src\\components\\select.component.tsx": {"path":"C:\\Projects\\POC\\front-end-test-main\\src\\components\\select.component.tsx","statementMap":{"0":{"start":{"line":2,"column":0},"end":{"line":2,"column":36}},"1":{"start":{"line":3,"column":0},"end":{"line":3,"column":46}},"2":{"start":{"line":19,"column":13},"end":{"line":33,"column":2}},"3":{"start":{"line":20,"column":2},"end":{"line":32,"column":4}},"4":{"start":{"line":28,"column":49},"end":{"line":28,"column":null}}},"fnMap":{"0":{"name":"(anonymous_6)","decl":{"start":{"line":19,"column":31},"end":{"line":19,"column":32}},"loc":{"start":{"line":19,"column":50},"end":{"line":33,"column":1}}},"1":{"name":"(anonymous_7)","decl":{"start":{"line":28,"column":29},"end":{"line":28,"column":30}},"loc":{"start":{"line":28,"column":44},"end":{"line":28,"column":57}}}},"branchMap":{"0":{"loc":{"start":{"line":22,"column":18},"end":{"line":22,"column":27}},"type":"cond-expr","locations":[{"start":{"line":22,"column":23},"end":{"line":22,"column":25}},{"start":{"line":22,"column":18},"end":{"line":22,"column":27}}]},"1":{"loc":{"start":{"line":22,"column":18},"end":{"line":22,"column":25}},"type":"binary-expr","locations":[{"start":{"line":22,"column":18},"end":{"line":22,"column":25}},{"start":{"line":22,"column":18},"end":{"line":22,"column":25}}]},"2":{"loc":{"start":{"line":23,"column":10},"end":{"line":23,"column":22}},"type":"cond-expr","locations":[{"start":{"line":23,"column":15},"end":{"line":23,"column":17}},{"start":{"line":23,"column":10},"end":{"line":23,"column":22}}]},"3":{"loc":{"start":{"line":23,"column":10},"end":{"line":23,"column":17}},"type":"binary-expr","locations":[{"start":{"line":23,"column":10},"end":{"line":23,"column":17}},{"start":{"line":23,"column":10},"end":{"line":23,"column":17}}]},"4":{"loc":{"start":{"line":25,"column":20},"end":{"line":25,"column":31}},"type":"cond-expr","locations":[{"start":{"line":25,"column":25},"end":{"line":25,"column":27}},{"start":{"line":25,"column":20},"end":{"line":25,"column":31}}]},"5":{"loc":{"start":{"line":25,"column":20},"end":{"line":25,"column":27}},"type":"binary-expr","locations":[{"start":{"line":25,"column":20},"end":{"line":25,"column":27}},{"start":{"line":25,"column":20},"end":{"line":25,"column":27}}]},"6":{"loc":{"start":{"line":25,"column":37},"end":{"line":25,"column":46}},"type":"cond-expr","locations":[{"start":{"line":25,"column":42},"end":{"line":25,"column":44}},{"start":{"line":25,"column":37},"end":{"line":25,"column":46}}]},"7":{"loc":{"start":{"line":25,"column":37},"end":{"line":25,"column":44}},"type":"binary-expr","locations":[{"start":{"line":25,"column":37},"end":{"line":25,"column":44}},{"start":{"line":25,"column":37},"end":{"line":25,"column":44}}]},"8":{"loc":{"start":{"line":25,"column":58},"end":{"line":25,"column":73}},"type":"cond-expr","locations":[{"start":{"line":25,"column":63},"end":{"line":25,"column":65}},{"start":{"line":25,"column":58},"end":{"line":25,"column":73}}]},"9":{"loc":{"start":{"line":25,"column":58},"end":{"line":25,"column":65}},"type":"binary-expr","locations":[{"start":{"line":25,"column":58},"end":{"line":25,"column":65}},{"start":{"line":25,"column":58},"end":{"line":25,"column":65}}]},"10":{"loc":{"start":{"line":28,"column":10},"end":{"line":28,"column":null}},"type":"cond-expr","locations":[{"start":{"line":28,"column":15},"end":{"line":28,"column":17}},{"start":{"line":28,"column":10},"end":{"line":28,"column":null}}]},"11":{"loc":{"start":{"line":28,"column":10},"end":{"line":28,"column":17}},"type":"binary-expr","locations":[{"start":{"line":28,"column":10},"end":{"line":28,"column":17}},{"start":{"line":28,"column":10},"end":{"line":28,"column":17}}]},"12":{"loc":{"start":{"line":28,"column":64},"end":{"line":28,"column":77}},"type":"cond-expr","locations":[{"start":{"line":28,"column":70},"end":{"line":28,"column":72}},{"start":{"line":28,"column":64},"end":{"line":28,"column":77}}]},"13":{"loc":{"start":{"line":28,"column":64},"end":{"line":28,"column":72}},"type":"binary-expr","locations":[{"start":{"line":28,"column":64},"end":{"line":28,"column":72}},{"start":{"line":28,"column":64},"end":{"line":28,"column":72}}]},"14":{"loc":{"start":{"line":28,"column":106},"end":{"line":28,"column":118}},"type":"cond-expr","locations":[{"start":{"line":28,"column":111},"end":{"line":28,"column":113}},{"start":{"line":28,"column":106},"end":{"line":28,"column":118}}]},"15":{"loc":{"start":{"line":28,"column":106},"end":{"line":28,"column":113}},"type":"binary-expr","locations":[{"start":{"line":28,"column":106},"end":{"line":28,"column":113}},{"start":{"line":28,"column":106},"end":{"line":28,"column":113}}]},"16":{"loc":{"start":{"line":28,"column":121},"end":{"line":28,"column":140}},"type":"cond-expr","locations":[{"start":{"line":28,"column":127},"end":{"line":28,"column":129}},{"start":{"line":28,"column":121},"end":{"line":28,"column":140}}]},"17":{"loc":{"start":{"line":28,"column":121},"end":{"line":28,"column":129}},"type":"binary-expr","locations":[{"start":{"line":28,"column":121},"end":{"line":28,"column":129}},{"start":{"line":28,"column":121},"end":{"line":28,"column":129}}]}},"s":{"0":1,"1":1,"2":1,"3":2,"4":8},"f":{"0":2,"1":8},"b":{"0":[0,2],"1":[2,2],"2":[0,2],"3":[2,2],"4":[0,2],"5":[2,2],"6":[0,2],"7":[2,2],"8":[0,2],"9":[2,2],"10":[0,2],"11":[2,2],"12":[0,8],"13":[8,8],"14":[0,8],"15":[8,8],"16":[0,8],"17":[8,8]}}
,"C:\\Projects\\POC\\front-end-test-main\\src\\consts\\search.ts": {"path":"C:\\Projects\\POC\\front-end-test-main\\src\\consts\\search.ts","statementMap":{"0":{"start":{"line":3,"column":13},"end":{"line":20,"column":2}},"1":{"start":{"line":22,"column":13},"end":{"line":33,"column":2}},"2":{"start":{"line":35,"column":13},"end":{"line":35,"column":68}},"3":{"start":{"line":36,"column":13},"end":{"line":36,"column":116}},"4":{"start":{"line":37,"column":13},"end":{"line":37,"column":167}}},"fnMap":{},"branchMap":{},"s":{"0":3,"1":3,"2":3,"3":3,"4":3},"f":{},"b":{}}
}
