{"C:\\Projects\\POC\\front-end-test-main\\src\\components\\date.component.tsx": {"path":"C:\\Projects\\POC\\front-end-test-main\\src\\components\\date.component.tsx","statementMap":{"0":{"start":{"line":2,"column":0},"end":{"line":2,"column":27}},"1":{"start":{"line":3,"column":0},"end":{"line":3,"column":44}},"2":{"start":{"line":4,"column":0},"end":{"line":4,"column":33}},"3":{"start":{"line":20,"column":13},"end":{"line":34,"column":2}},"4":{"start":{"line":21,"column":25},"end":{"line":21,"column":37}},"5":{"start":{"line":22,"column":14},"end":{"line":22,"column":62}},"6":{"start":{"line":23,"column":14},"end":{"line":23,"column":65}},"7":{"start":{"line":24,"column":16},"end":{"line":24,"column":140}},"8":{"start":{"line":26,"column":2},"end":{"line":33,"column":4}}},"fnMap":{"0":{"name":"(anonymous_6)","decl":{"start":{"line":20,"column":29},"end":{"line":20,"column":30}},"loc":{"start":{"line":20,"column":55},"end":{"line":34,"column":1}}}},"branchMap":{"0":{"loc":{"start":{"line":24,"column":16},"end":{"line":24,"column":140}},"type":"cond-expr","locations":[{"start":{"line":24,"column":31},"end":{"line":24,"column":89}},{"start":{"line":24,"column":92},"end":{"line":24,"column":140}}]},"1":{"loc":{"start":{"line":24,"column":16},"end":{"line":24,"column":28}},"type":"cond-expr","locations":[{"start":{"line":24,"column":21},"end":{"line":24,"column":23}},{"start":{"line":24,"column":16},"end":{"line":24,"column":28}}]},"2":{"loc":{"start":{"line":24,"column":16},"end":{"line":24,"column":23}},"type":"binary-expr","locations":[{"start":{"line":24,"column":16},"end":{"line":24,"column":23}},{"start":{"line":24,"column":16},"end":{"line":24,"column":23}}]},"3":{"loc":{"start":{"line":24,"column":51},"end":{"line":24,"column":63}},"type":"cond-expr","locations":[{"start":{"line":24,"column":56},"end":{"line":24,"column":58}},{"start":{"line":24,"column":51},"end":{"line":24,"column":63}}]},"4":{"loc":{"start":{"line":24,"column":51},"end":{"line":24,"column":58}},"type":"binary-expr","locations":[{"start":{"line":24,"column":51},"end":{"line":24,"column":58}},{"start":{"line":24,"column":51},"end":{"line":24,"column":58}}]},"5":{"loc":{"start":{"line":28,"column":18},"end":{"line":28,"column":27}},"type":"cond-expr","locations":[{"start":{"line":28,"column":23},"end":{"line":28,"column":25}},{"start":{"line":28,"column":18},"end":{"line":28,"column":27}}]},"6":{"loc":{"start":{"line":28,"column":18},"end":{"line":28,"column":25}},"type":"binary-expr","locations":[{"start":{"line":28,"column":18},"end":{"line":28,"column":25}},{"start":{"line":28,"column":18},"end":{"line":28,"column":25}}]},"7":{"loc":{"start":{"line":29,"column":10},"end":{"line":29,"column":22}},"type":"cond-expr","locations":[{"start":{"line":29,"column":15},"end":{"line":29,"column":17}},{"start":{"line":29,"column":10},"end":{"line":29,"column":22}}]},"8":{"loc":{"start":{"line":29,"column":10},"end":{"line":29,"column":17}},"type":"binary-expr","locations":[{"start":{"line":29,"column":10},"end":{"line":29,"column":17}},{"start":{"line":29,"column":10},"end":{"line":29,"column":17}}]},"9":{"loc":{"start":{"line":31,"column":31},"end":{"line":31,"column":42}},"type":"cond-expr","locations":[{"start":{"line":31,"column":36},"end":{"line":31,"column":38}},{"start":{"line":31,"column":31},"end":{"line":31,"column":42}}]},"10":{"loc":{"start":{"line":31,"column":31},"end":{"line":31,"column":38}},"type":"binary-expr","locations":[{"start":{"line":31,"column":31},"end":{"line":31,"column":38}},{"start":{"line":31,"column":31},"end":{"line":31,"column":38}}]},"11":{"loc":{"start":{"line":31,"column":48},"end":{"line":31,"column":57}},"type":"cond-expr","locations":[{"start":{"line":31,"column":53},"end":{"line":31,"column":55}},{"start":{"line":31,"column":48},"end":{"line":31,"column":57}}]},"12":{"loc":{"start":{"line":31,"column":48},"end":{"line":31,"column":55}},"type":"binary-expr","locations":[{"start":{"line":31,"column":48},"end":{"line":31,"column":55}},{"start":{"line":31,"column":48},"end":{"line":31,"column":55}}]},"13":{"loc":{"start":{"line":31,"column":103},"end":{"line":31,"column":118}},"type":"cond-expr","locations":[{"start":{"line":31,"column":108},"end":{"line":31,"column":110}},{"start":{"line":31,"column":103},"end":{"line":31,"column":118}}]},"14":{"loc":{"start":{"line":31,"column":103},"end":{"line":31,"column":110}},"type":"binary-expr","locations":[{"start":{"line":31,"column":103},"end":{"line":31,"column":110}},{"start":{"line":31,"column":103},"end":{"line":31,"column":110}}]}},"s":{"0":1,"1":1,"2":1,"3":1,"4":1,"5":1,"6":1,"7":1,"8":1},"f":{"0":1},"b":{"0":[1,0],"1":[0,1],"2":[1,1],"3":[0,1],"4":[1,1],"5":[0,1],"6":[1,1],"7":[0,1],"8":[1,1],"9":[0,1],"10":[1,1],"11":[0,1],"12":[1,1],"13":[0,1],"14":[1,1]}}
,"C:\\Projects\\POC\\front-end-test-main\\src\\components\\number.component.tsx": {"path":"C:\\Projects\\POC\\front-end-test-main\\src\\components\\number.component.tsx","statementMap":{"0":{"start":{"line":2,"column":0},"end":{"line":2,"column":27}},"1":{"start":{"line":3,"column":0},"end":{"line":3,"column":46}},"2":{"start":{"line":15,"column":13},"end":{"line":24,"column":2}},"3":{"start":{"line":16,"column":2},"end":{"line":23,"column":4}}},"fnMap":{"0":{"name":"(anonymous_6)","decl":{"start":{"line":15,"column":31},"end":{"line":15,"column":32}},"loc":{"start":{"line":15,"column":50},"end":{"line":24,"column":1}}}},"branchMap":{"0":{"loc":{"start":{"line":18,"column":18},"end":{"line":18,"column":27}},"type":"cond-expr","locations":[{"start":{"line":18,"column":23},"end":{"line":18,"column":25}},{"start":{"line":18,"column":18},"end":{"line":18,"column":27}}]},"1":{"loc":{"start":{"line":18,"column":18},"end":{"line":18,"column":25}},"type":"binary-expr","locations":[{"start":{"line":18,"column":18},"end":{"line":18,"column":25}},{"start":{"line":18,"column":18},"end":{"line":18,"column":25}}]},"2":{"loc":{"start":{"line":19,"column":10},"end":{"line":19,"column":22}},"type":"cond-expr","locations":[{"start":{"line":19,"column":15},"end":{"line":19,"column":17}},{"start":{"line":19,"column":10},"end":{"line":19,"column":22}}]},"3":{"loc":{"start":{"line":19,"column":10},"end":{"line":19,"column":17}},"type":"binary-expr","locations":[{"start":{"line":19,"column":10},"end":{"line":19,"column":17}},{"start":{"line":19,"column":10},"end":{"line":19,"column":17}}]},"4":{"loc":{"start":{"line":21,"column":33},"end":{"line":21,"column":44}},"type":"cond-expr","locations":[{"start":{"line":21,"column":38},"end":{"line":21,"column":40}},{"start":{"line":21,"column":33},"end":{"line":21,"column":44}}]},"5":{"loc":{"start":{"line":21,"column":33},"end":{"line":21,"column":40}},"type":"binary-expr","locations":[{"start":{"line":21,"column":33},"end":{"line":21,"column":40}},{"start":{"line":21,"column":33},"end":{"line":21,"column":40}}]},"6":{"loc":{"start":{"line":21,"column":50},"end":{"line":21,"column":59}},"type":"cond-expr","locations":[{"start":{"line":21,"column":55},"end":{"line":21,"column":57}},{"start":{"line":21,"column":50},"end":{"line":21,"column":59}}]},"7":{"loc":{"start":{"line":21,"column":50},"end":{"line":21,"column":57}},"type":"binary-expr","locations":[{"start":{"line":21,"column":50},"end":{"line":21,"column":57}},{"start":{"line":21,"column":50},"end":{"line":21,"column":57}}]},"8":{"loc":{"start":{"line":21,"column":66},"end":{"line":21,"column":76}},"type":"cond-expr","locations":[{"start":{"line":21,"column":71},"end":{"line":21,"column":73}},{"start":{"line":21,"column":66},"end":{"line":21,"column":76}}]},"9":{"loc":{"start":{"line":21,"column":66},"end":{"line":21,"column":73}},"type":"binary-expr","locations":[{"start":{"line":21,"column":66},"end":{"line":21,"column":73}},{"start":{"line":21,"column":66},"end":{"line":21,"column":73}}]},"10":{"loc":{"start":{"line":21,"column":83},"end":{"line":21,"column":93}},"type":"cond-expr","locations":[{"start":{"line":21,"column":88},"end":{"line":21,"column":90}},{"start":{"line":21,"column":83},"end":{"line":21,"column":93}}]},"11":{"loc":{"start":{"line":21,"column":83},"end":{"line":21,"column":90}},"type":"binary-expr","locations":[{"start":{"line":21,"column":83},"end":{"line":21,"column":90}},{"start":{"line":21,"column":83},"end":{"line":21,"column":90}}]},"12":{"loc":{"start":{"line":21,"column":102},"end":{"line":21,"column":114}},"type":"cond-expr","locations":[{"start":{"line":21,"column":107},"end":{"line":21,"column":109}},{"start":{"line":21,"column":102},"end":{"line":21,"column":114}}]},"13":{"loc":{"start":{"line":21,"column":102},"end":{"line":21,"column":109}},"type":"binary-expr","locations":[{"start":{"line":21,"column":102},"end":{"line":21,"column":109}},{"start":{"line":21,"column":102},"end":{"line":21,"column":109}}]},"14":{"loc":{"start":{"line":21,"column":126},"end":{"line":21,"column":141}},"type":"cond-expr","locations":[{"start":{"line":21,"column":131},"end":{"line":21,"column":133}},{"start":{"line":21,"column":126},"end":{"line":21,"column":141}}]},"15":{"loc":{"start":{"line":21,"column":126},"end":{"line":21,"column":133}},"type":"binary-expr","locations":[{"start":{"line":21,"column":126},"end":{"line":21,"column":133}},{"start":{"line":21,"column":126},"end":{"line":21,"column":133}}]}},"s":{"0":1,"1":1,"2":1,"3":2},"f":{"0":2},"b":{"0":[0,2],"1":[2,2],"2":[0,2],"3":[2,2],"4":[0,2],"5":[2,2],"6":[0,2],"7":[2,2],"8":[0,2],"9":[2,2],"10":[0,2],"11":[2,2],"12":[0,2],"13":[2,2],"14":[0,2],"15":[2,2]}}
,"C:\\Projects\\POC\\front-end-test-main\\src\\components\\select.component.tsx": {"path":"C:\\Projects\\POC\\front-end-test-main\\src\\components\\select.component.tsx","statementMap":{"0":{"start":{"line":2,"column":0},"end":{"line":2,"column":36}},"1":{"start":{"line":3,"column":0},"end":{"line":3,"column":46}},"2":{"start":{"line":19,"column":13},"end":{"line":33,"column":2}},"3":{"start":{"line":20,"column":2},"end":{"line":32,"column":4}},"4":{"start":{"line":28,"column":49},"end":{"line":28,"column":null}}},"fnMap":{"0":{"name":"(anonymous_6)","decl":{"start":{"line":19,"column":31},"end":{"line":19,"column":32}},"loc":{"start":{"line":19,"column":50},"end":{"line":33,"column":1}}},"1":{"name":"(anonymous_7)","decl":{"start":{"line":28,"column":29},"end":{"line":28,"column":30}},"loc":{"start":{"line":28,"column":44},"end":{"line":28,"column":57}}}},"branchMap":{"0":{"loc":{"start":{"line":22,"column":18},"end":{"line":22,"column":27}},"type":"cond-expr","locations":[{"start":{"line":22,"column":23},"end":{"line":22,"column":25}},{"start":{"line":22,"column":18},"end":{"line":22,"column":27}}]},"1":{"loc":{"start":{"line":22,"column":18},"end":{"line":22,"column":25}},"type":"binary-expr","locations":[{"start":{"line":22,"column":18},"end":{"line":22,"column":25}},{"start":{"line":22,"column":18},"end":{"line":22,"column":25}}]},"2":{"loc":{"start":{"line":23,"column":10},"end":{"line":23,"column":22}},"type":"cond-expr","locations":[{"start":{"line":23,"column":15},"end":{"line":23,"column":17}},{"start":{"line":23,"column":10},"end":{"line":23,"column":22}}]},"3":{"loc":{"start":{"line":23,"column":10},"end":{"line":23,"column":17}},"type":"binary-expr","locations":[{"start":{"line":23,"column":10},"end":{"line":23,"column":17}},{"start":{"line":23,"column":10},"end":{"line":23,"column":17}}]},"4":{"loc":{"start":{"line":25,"column":20},"end":{"line":25,"column":31}},"type":"cond-expr","locations":[{"start":{"line":25,"column":25},"end":{"line":25,"column":27}},{"start":{"line":25,"column":20},"end":{"line":25,"column":31}}]},"5":{"loc":{"start":{"line":25,"column":20},"end":{"line":25,"column":27}},"type":"binary-expr","locations":[{"start":{"line":25,"column":20},"end":{"line":25,"column":27}},{"start":{"line":25,"column":20},"end":{"line":25,"column":27}}]},"6":{"loc":{"start":{"line":25,"column":37},"end":{"line":25,"column":46}},"type":"cond-expr","locations":[{"start":{"line":25,"column":42},"end":{"line":25,"column":44}},{"start":{"line":25,"column":37},"end":{"line":25,"column":46}}]},"7":{"loc":{"start":{"line":25,"column":37},"end":{"line":25,"column":44}},"type":"binary-expr","locations":[{"start":{"line":25,"column":37},"end":{"line":25,"column":44}},{"start":{"line":25,"column":37},"end":{"line":25,"column":44}}]},"8":{"loc":{"start":{"line":25,"column":58},"end":{"line":25,"column":73}},"type":"cond-expr","locations":[{"start":{"line":25,"column":63},"end":{"line":25,"column":65}},{"start":{"line":25,"column":58},"end":{"line":25,"column":73}}]},"9":{"loc":{"start":{"line":25,"column":58},"end":{"line":25,"column":65}},"type":"binary-expr","locations":[{"start":{"line":25,"column":58},"end":{"line":25,"column":65}},{"start":{"line":25,"column":58},"end":{"line":25,"column":65}}]},"10":{"loc":{"start":{"line":28,"column":10},"end":{"line":28,"column":null}},"type":"cond-expr","locations":[{"start":{"line":28,"column":15},"end":{"line":28,"column":17}},{"start":{"line":28,"column":10},"end":{"line":28,"column":null}}]},"11":{"loc":{"start":{"line":28,"column":10},"end":{"line":28,"column":17}},"type":"binary-expr","locations":[{"start":{"line":28,"column":10},"end":{"line":28,"column":17}},{"start":{"line":28,"column":10},"end":{"line":28,"column":17}}]},"12":{"loc":{"start":{"line":28,"column":64},"end":{"line":28,"column":77}},"type":"cond-expr","locations":[{"start":{"line":28,"column":70},"end":{"line":28,"column":72}},{"start":{"line":28,"column":64},"end":{"line":28,"column":77}}]},"13":{"loc":{"start":{"line":28,"column":64},"end":{"line":28,"column":72}},"type":"binary-expr","locations":[{"start":{"line":28,"column":64},"end":{"line":28,"column":72}},{"start":{"line":28,"column":64},"end":{"line":28,"column":72}}]},"14":{"loc":{"start":{"line":28,"column":106},"end":{"line":28,"column":118}},"type":"cond-expr","locations":[{"start":{"line":28,"column":111},"end":{"line":28,"column":113}},{"start":{"line":28,"column":106},"end":{"line":28,"column":118}}]},"15":{"loc":{"start":{"line":28,"column":106},"end":{"line":28,"column":113}},"type":"binary-expr","locations":[{"start":{"line":28,"column":106},"end":{"line":28,"column":113}},{"start":{"line":28,"column":106},"end":{"line":28,"column":113}}]},"16":{"loc":{"start":{"line":28,"column":121},"end":{"line":28,"column":140}},"type":"cond-expr","locations":[{"start":{"line":28,"column":127},"end":{"line":28,"column":129}},{"start":{"line":28,"column":121},"end":{"line":28,"column":140}}]},"17":{"loc":{"start":{"line":28,"column":121},"end":{"line":28,"column":129}},"type":"binary-expr","locations":[{"start":{"line":28,"column":121},"end":{"line":28,"column":129}},{"start":{"line":28,"column":121},"end":{"line":28,"column":129}}]}},"s":{"0":1,"1":1,"2":1,"3":2,"4":8},"f":{"0":2,"1":8},"b":{"0":[0,2],"1":[2,2],"2":[0,2],"3":[2,2],"4":[0,2],"5":[2,2],"6":[0,2],"7":[2,2],"8":[0,2],"9":[2,2],"10":[0,2],"11":[2,2],"12":[0,8],"13":[8,8],"14":[0,8],"15":[8,8],"16":[0,8],"17":[8,8]}}
,"C:\\Projects\\POC\\front-end-test-main\\src\\consts\\search.ts": {"path":"C:\\Projects\\POC\\front-end-test-main\\src\\consts\\search.ts","statementMap":{"0":{"start":{"line":3,"column":13},"end":{"line":20,"column":null}}},"fnMap":{},"branchMap":{},"s":{"0":1},"f":{},"b":{}}
}
