TN:
SF:src\components\date.component.tsx
FN:20,(anonymous_6)
FNF:1
FNH:1
FNDA:1,(anonymous_6)
DA:2,1
DA:3,1
DA:4,1
DA:20,1
DA:21,1
DA:22,1
DA:23,1
DA:24,1
DA:26,1
LF:9
LH:9
BRDA:24,0,0,1
BRDA:24,0,1,0
BRDA:24,1,0,0
BRDA:24,1,1,1
BRDA:24,2,0,1
BRDA:24,2,1,1
BRDA:24,3,0,0
BRDA:24,3,1,1
BRDA:24,4,0,1
BRDA:24,4,1,1
BRDA:28,5,0,0
BRDA:28,5,1,1
BRDA:28,6,0,1
BRDA:28,6,1,1
BRDA:29,7,0,0
BRDA:29,7,1,1
BRDA:29,8,0,1
BRDA:29,8,1,1
BRDA:31,9,0,0
BRDA:31,9,1,1
BRDA:31,10,0,1
BRDA:31,10,1,1
BRDA:31,11,0,0
BRDA:31,11,1,1
BRDA:31,12,0,1
BRDA:31,12,1,1
BRDA:31,13,0,0
BRDA:31,13,1,1
BRDA:31,14,0,1
BRDA:31,14,1,1
BRF:30
BRH:22
end_of_record
TN:
SF:src\components\number.component.tsx
FN:15,(anonymous_6)
FNF:1
FNH:1
FNDA:2,(anonymous_6)
DA:2,1
DA:3,1
DA:15,1
DA:16,2
LF:4
LH:4
BRDA:18,0,0,0
BRDA:18,0,1,2
BRDA:18,1,0,2
BRDA:18,1,1,2
BRDA:19,2,0,0
BRDA:19,2,1,2
BRDA:19,3,0,2
BRDA:19,3,1,2
BRDA:21,4,0,0
BRDA:21,4,1,2
BRDA:21,5,0,2
BRDA:21,5,1,2
BRDA:21,6,0,0
BRDA:21,6,1,2
BRDA:21,7,0,2
BRDA:21,7,1,2
BRDA:21,8,0,0
BRDA:21,8,1,2
BRDA:21,9,0,2
BRDA:21,9,1,2
BRDA:21,10,0,0
BRDA:21,10,1,2
BRDA:21,11,0,2
BRDA:21,11,1,2
BRDA:21,12,0,0
BRDA:21,12,1,2
BRDA:21,13,0,2
BRDA:21,13,1,2
BRDA:21,14,0,0
BRDA:21,14,1,2
BRDA:21,15,0,2
BRDA:21,15,1,2
BRF:32
BRH:24
end_of_record
TN:
SF:src\components\select.component.tsx
FN:19,(anonymous_6)
FN:28,(anonymous_7)
FNF:2
FNH:2
FNDA:2,(anonymous_6)
FNDA:8,(anonymous_7)
DA:2,1
DA:3,1
DA:19,1
DA:20,2
DA:28,8
LF:5
LH:5
BRDA:22,0,0,0
BRDA:22,0,1,2
BRDA:22,1,0,2
BRDA:22,1,1,2
BRDA:23,2,0,0
BRDA:23,2,1,2
BRDA:23,3,0,2
BRDA:23,3,1,2
BRDA:25,4,0,0
BRDA:25,4,1,2
BRDA:25,5,0,2
BRDA:25,5,1,2
BRDA:25,6,0,0
BRDA:25,6,1,2
BRDA:25,7,0,2
BRDA:25,7,1,2
BRDA:25,8,0,0
BRDA:25,8,1,2
BRDA:25,9,0,2
BRDA:25,9,1,2
BRDA:28,10,0,0
BRDA:28,10,1,2
BRDA:28,11,0,2
BRDA:28,11,1,2
BRDA:28,12,0,0
BRDA:28,12,1,8
BRDA:28,13,0,8
BRDA:28,13,1,8
BRDA:28,14,0,0
BRDA:28,14,1,8
BRDA:28,15,0,8
BRDA:28,15,1,8
BRDA:28,16,0,0
BRDA:28,16,1,8
BRDA:28,17,0,8
BRDA:28,17,1,8
BRF:36
BRH:27
end_of_record
TN:
SF:src\consts\search.ts
FNF:0
FNH:0
DA:3,1
LF:1
LH:1
BRF:0
BRH:0
end_of_record
