TN:
SF:src\components\date.component.tsx
FN:20,(anonymous_6)
FNF:1
FNH:1
FNDA:1,(anonymous_6)
DA:2,1
DA:3,1
DA:4,1
DA:20,1
DA:21,1
DA:22,1
DA:23,1
DA:24,1
DA:26,1
LF:9
LH:9
BRDA:24,0,0,1
BRDA:24,0,1,0
BRDA:24,1,0,0
BRDA:24,1,1,1
BRDA:24,2,0,1
BRDA:24,2,1,1
BRDA:24,3,0,0
BRDA:24,3,1,1
BRDA:24,4,0,1
BRDA:24,4,1,1
BRDA:28,5,0,0
BRDA:28,5,1,1
BRDA:28,6,0,1
BRDA:28,6,1,1
BRDA:29,7,0,0
BRDA:29,7,1,1
BRDA:29,8,0,1
BRDA:29,8,1,1
BRDA:31,9,0,0
BRDA:31,9,1,1
BRDA:31,10,0,1
BRDA:31,10,1,1
BRDA:31,11,0,0
BRDA:31,11,1,1
BRDA:31,12,0,1
BRDA:31,12,1,1
BRDA:31,13,0,0
BRDA:31,13,1,1
BRDA:31,14,0,1
BRDA:31,14,1,1
BRF:30
BRH:22
end_of_record
TN:
SF:src\components\filter.component.tsx
FN:16,Filter
FN:18,(anonymous_7)
FN:35,(anonymous_8)
FN:85,(anonymous_9)
FNF:4
FNH:4
FNDA:7,Filter
FNDA:28,(anonymous_7)
FNDA:35,(anonymous_8)
FNDA:70,(anonymous_9)
DA:2,2
DA:3,2
DA:4,2
DA:16,7
DA:18,7
DA:19,28
DA:35,7
DA:36,35
DA:56,7
DA:86,70
LF:10
LH:10
BRF:0
BRH:0
end_of_record
TN:
SF:src\components\hotel.component.tsx
FN:12,Hotel
FN:18,(anonymous_7)
FN:23,(anonymous_8)
FNF:3
FNH:3
FNDA:94,Hotel
FNDA:94,(anonymous_7)
FNDA:1040,(anonymous_8)
DA:2,1
DA:4,1
DA:5,1
DA:12,94
DA:13,94
DA:14,94
DA:15,94
DA:16,94
DA:18,94
DA:19,94
DA:20,94
DA:24,1040
DA:36,94
LF:13
LH:13
BRDA:23,0,0,0
BRDA:23,0,1,94
BRDA:23,1,0,94
BRDA:23,1,1,94
BRDA:25,2,0,94
BRDA:25,2,1,946
BRF:6
BRH:5
end_of_record
TN:
SF:src\components\number.component.tsx
FN:15,(anonymous_6)
FNF:1
FNH:1
FNDA:2,(anonymous_6)
DA:2,1
DA:3,1
DA:15,1
DA:16,2
LF:4
LH:4
BRDA:18,0,0,0
BRDA:18,0,1,2
BRDA:18,1,0,2
BRDA:18,1,1,2
BRDA:19,2,0,0
BRDA:19,2,1,2
BRDA:19,3,0,2
BRDA:19,3,1,2
BRDA:21,4,0,0
BRDA:21,4,1,2
BRDA:21,5,0,2
BRDA:21,5,1,2
BRDA:21,6,0,0
BRDA:21,6,1,2
BRDA:21,7,0,2
BRDA:21,7,1,2
BRDA:21,8,0,0
BRDA:21,8,1,2
BRDA:21,9,0,2
BRDA:21,9,1,2
BRDA:21,10,0,0
BRDA:21,10,1,2
BRDA:21,11,0,2
BRDA:21,11,1,2
BRDA:21,12,0,0
BRDA:21,12,1,2
BRDA:21,13,0,2
BRDA:21,13,1,2
BRDA:21,14,0,0
BRDA:21,14,1,2
BRDA:21,15,0,2
BRDA:21,15,1,2
BRF:32
BRH:24
end_of_record
TN:
SF:src\components\searchResult.component.tsx
FN:8,SearchResultComponent
FN:16,(anonymous_10)
FN:19,(anonymous_11)
FN:21,(anonymous_12)
FN:22,(anonymous_13)
FN:22,(anonymous_14)
FN:25,(anonymous_15)
FN:29,(anonymous_16)
FN:30,(anonymous_17)
FN:30,(anonymous_18)
FN:33,(anonymous_19)
FN:36,(anonymous_20)
FN:37,(anonymous_21)
FN:37,(anonymous_22)
FN:40,(anonymous_23)
FN:45,(anonymous_24)
FN:48,(anonymous_25)
FN:52,(anonymous_26)
FN:54,(anonymous_27)
FN:57,(anonymous_28)
FN:61,(anonymous_29)
FN:62,(anonymous_30)
FN:67,(anonymous_31)
FN:67,(anonymous_32)
FN:86,(anonymous_33)
FNF:25
FNH:6
FNDA:4,SearchResultComponent
FNDA:0,(anonymous_10)
FNDA:0,(anonymous_11)
FNDA:0,(anonymous_12)
FNDA:0,(anonymous_13)
FNDA:0,(anonymous_14)
FNDA:0,(anonymous_15)
FNDA:0,(anonymous_16)
FNDA:0,(anonymous_17)
FNDA:0,(anonymous_18)
FNDA:0,(anonymous_19)
FNDA:0,(anonymous_20)
FNDA:0,(anonymous_21)
FNDA:0,(anonymous_22)
FNDA:0,(anonymous_23)
FNDA:0,(anonymous_24)
FNDA:2,(anonymous_25)
FNDA:2,(anonymous_26)
FNDA:2,(anonymous_27)
FNDA:0,(anonymous_28)
FNDA:0,(anonymous_29)
FNDA:0,(anonymous_30)
FNDA:47,(anonymous_31)
FNDA:0,(anonymous_32)
FNDA:94,(anonymous_33)
DA:1,1
DA:2,1
DA:4,1
DA:5,1
DA:6,1
DA:8,1
DA:9,4
DA:10,4
DA:11,4
DA:12,4
DA:13,4
DA:14,4
DA:16,4
DA:17,0
DA:18,0
DA:19,0
DA:20,0
DA:21,0
DA:22,0
DA:25,4
DA:26,0
DA:27,0
DA:28,0
DA:29,0
DA:30,0
DA:33,4
DA:34,0
DA:35,0
DA:36,0
DA:37,0
DA:40,4
DA:41,0
DA:42,0
DA:43,0
DA:44,0
DA:45,0
DA:48,4
DA:49,2
DA:52,4
DA:54,4
DA:55,2
DA:56,2
DA:57,0
DA:59,2
DA:60,0
DA:61,0
DA:62,0
DA:64,0
DA:66,2
DA:67,47
DA:69,2
DA:72,4
DA:87,94
LF:53
LH:28
BRDA:9,0,0,0
BRDA:9,0,1,4
BRDA:9,1,0,4
BRDA:9,1,1,4
BRDA:21,2,0,0
BRDA:22,3,0,0
BRDA:22,4,0,0
BRDA:22,4,1,0
BRDA:29,5,0,0
BRDA:30,6,0,0
BRDA:36,7,0,0
BRDA:37,8,0,0
BRDA:56,9,0,0
BRDA:59,10,0,0
BRDA:62,11,0,0
BRDA:62,11,1,0
BRDA:66,12,0,2
BRDA:77,13,0,4
BRDA:77,13,1,4
BRDA:84,14,0,4
BRDA:84,14,1,2
BRDA:90,15,0,4
BRDA:90,15,1,2
BRF:23
BRH:10
end_of_record
TN:
SF:src\components\select.component.tsx
FN:19,(anonymous_6)
FN:28,(anonymous_7)
FNF:2
FNH:2
FNDA:2,(anonymous_6)
FNDA:8,(anonymous_7)
DA:2,1
DA:3,1
DA:19,1
DA:20,2
DA:28,8
LF:5
LH:5
BRDA:22,0,0,0
BRDA:22,0,1,2
BRDA:22,1,0,2
BRDA:22,1,1,2
BRDA:23,2,0,0
BRDA:23,2,1,2
BRDA:23,3,0,2
BRDA:23,3,1,2
BRDA:25,4,0,0
BRDA:25,4,1,2
BRDA:25,5,0,2
BRDA:25,5,1,2
BRDA:25,6,0,0
BRDA:25,6,1,2
BRDA:25,7,0,2
BRDA:25,7,1,2
BRDA:25,8,0,0
BRDA:25,8,1,2
BRDA:25,9,0,2
BRDA:25,9,1,2
BRDA:28,10,0,0
BRDA:28,10,1,2
BRDA:28,11,0,2
BRDA:28,11,1,2
BRDA:28,12,0,0
BRDA:28,12,1,8
BRDA:28,13,0,8
BRDA:28,13,1,8
BRDA:28,14,0,0
BRDA:28,14,1,8
BRDA:28,15,0,8
BRDA:28,15,1,8
BRDA:28,16,0,0
BRDA:28,16,1,8
BRDA:28,17,0,8
BRDA:28,17,1,8
BRF:36
BRH:27
end_of_record
TN:
SF:src\consts\search.ts
FNF:0
FNH:0
DA:3,3
DA:22,3
DA:35,3
DA:36,3
DA:37,3
LF:5
LH:5
BRF:0
BRH:0
end_of_record
